app/build/intermediates/manifest_merge_blame_file/release/manifest-merger-blame-release-report.txt
1<?xml version="1.0" encoding="utf-8"?>
2<manifest xmlns:android="http://schemas.android.com/apk/res/android"
3    package="mom.com"
4    android:versionCode="34"
5    android:versionName="1.0.34" >
6
7    <uses-sdk
8        android:minSdkVersion="19"
8-->src/main/AndroidManifest.xml
9        android:targetSdkVersion="28" />
9-->src/main/AndroidManifest.xml
10
11    <uses-permission android:name="android.permission.WRITE_EXTERNAL_STORAGE" />
11-->src/main/AndroidManifest.xml:5:5-81
11-->src/main/AndroidManifest.xml:5:22-78
12    <uses-permission android:name="android.permission.CALL_PHONE" />
12-->src/main/AndroidManifest.xml:6:5-69
12-->src/main/AndroidManifest.xml:6:22-66
13    <uses-permission android:name="android.permission.INTERNET" />
13-->src/main/AndroidManifest.xml:7:5-67
13-->src/main/AndroidManifest.xml:7:22-64
14    <uses-permission android:name="android.permission.ACCESS_COARSE_LOCATION" />
14-->src/main/AndroidManifest.xml:8:5-81
14-->src/main/AndroidManifest.xml:8:22-78
15    <uses-permission android:name="android.permission.ACCESS_FINE_LOCATION" />
15-->src/main/AndroidManifest.xml:9:5-79
15-->src/main/AndroidManifest.xml:9:22-76
16    <uses-permission android:name="android.permission.CAMERA" />
16-->src/main/AndroidManifest.xml:10:5-65
16-->src/main/AndroidManifest.xml:10:22-62
17    <uses-permission android:name="android.permission.READ_EXTERNAL_STORAGE" />
17-->src/main/AndroidManifest.xml:11:5-80
17-->src/main/AndroidManifest.xml:11:22-77
18    <uses-permission android:name="android.permission.CALL_PHONE" />
18-->src/main/AndroidManifest.xml:6:5-69
18-->src/main/AndroidManifest.xml:6:22-66
19    <uses-permission android:name="android.permission.ACCESS_NETWORK_STATE" />
19-->src/main/AndroidManifest.xml:13:5-79
19-->src/main/AndroidManifest.xml:13:22-76
20
21    <!-- Don't require camera, as this requires a rear camera. This allows it to work on the Nexus 7 -->
22    <uses-feature
22-->[com.journeyapps:zxing-android-embedded:3.6.0] AndroidManifest.xml:25:5-27:36
23        android:name="android.hardware.camera"
23-->[com.journeyapps:zxing-android-embedded:3.6.0] AndroidManifest.xml:26:9-47
24        android:required="false" />
24-->[com.journeyapps:zxing-android-embedded:3.6.0] AndroidManifest.xml:27:9-33
25    <uses-feature
25-->[com.journeyapps:zxing-android-embedded:3.6.0] AndroidManifest.xml:28:5-30:36
26        android:name="android.hardware.camera.front"
26-->[com.journeyapps:zxing-android-embedded:3.6.0] AndroidManifest.xml:29:9-53
27        android:required="false" /> <!-- TODO replace above two with next line after Android 4.2 -->
27-->[com.journeyapps:zxing-android-embedded:3.6.0] AndroidManifest.xml:30:9-33
28    <!-- <uses-feature android:name="android.hardware.camera.any"/> -->
29    <uses-feature
29-->[com.journeyapps:zxing-android-embedded:3.6.0] AndroidManifest.xml:33:5-35:36
30        android:name="android.hardware.camera.autofocus"
30-->[com.journeyapps:zxing-android-embedded:3.6.0] AndroidManifest.xml:34:9-57
31        android:required="false" />
31-->[com.journeyapps:zxing-android-embedded:3.6.0] AndroidManifest.xml:35:9-33
32    <uses-feature
32-->[com.journeyapps:zxing-android-embedded:3.6.0] AndroidManifest.xml:36:5-38:36
33        android:name="android.hardware.camera.flash"
33-->[com.journeyapps:zxing-android-embedded:3.6.0] AndroidManifest.xml:37:9-53
34        android:required="false" />
34-->[com.journeyapps:zxing-android-embedded:3.6.0] AndroidManifest.xml:38:9-33
35    <uses-feature
35-->[com.journeyapps:zxing-android-embedded:3.6.0] AndroidManifest.xml:39:5-41:36
36        android:name="android.hardware.screen.landscape"
36-->[com.journeyapps:zxing-android-embedded:3.6.0] AndroidManifest.xml:40:9-57
37        android:required="false" />
37-->[com.journeyapps:zxing-android-embedded:3.6.0] AndroidManifest.xml:41:9-33
38    <uses-feature
38-->[com.journeyapps:zxing-android-embedded:3.6.0] AndroidManifest.xml:42:5-44:36
39        android:name="android.hardware.wifi"
39-->[com.journeyapps:zxing-android-embedded:3.6.0] AndroidManifest.xml:43:9-45
40        android:required="false" />
40-->[com.journeyapps:zxing-android-embedded:3.6.0] AndroidManifest.xml:44:9-33
41
42    <uses-permission android:name="android.permission.ACCESS_WIFI_STATE" />
42-->[com.google.android.libraries.places:places-compat:2.0.0] AndroidManifest.xml:10:5-76
42-->[com.google.android.libraries.places:places-compat:2.0.0] AndroidManifest.xml:10:22-73
43
44    <uses-feature
44-->[com.google.android.gms:play-services-maps:17.0.0] AndroidManifest.xml:26:5-28:35
45        android:glEsVersion="0x00020000"
45-->[com.google.android.gms:play-services-maps:17.0.0] AndroidManifest.xml:27:9-41
46        android:required="true" />
46-->[com.google.android.gms:play-services-maps:17.0.0] AndroidManifest.xml:28:9-32
47
48    <uses-permission android:name="android.permission.WAKE_LOCK" /> <!-- Required by older versions of Google Play services to create IID tokens -->
48-->[com.google.android.gms:play-services-measurement-api:16.4.0] AndroidManifest.xml:24:5-68
48-->[com.google.android.gms:play-services-measurement-api:16.4.0] AndroidManifest.xml:24:22-65
49    <uses-permission android:name="com.google.android.c2dm.permission.RECEIVE" />
49-->[com.google.firebase:firebase-iid:17.1.1] AndroidManifest.xml:26:5-82
49-->[com.google.firebase:firebase-iid:17.1.1] AndroidManifest.xml:26:22-79
50    <uses-permission android:name="com.google.android.finsky.permission.BIND_GET_INSTALL_REFERRER_SERVICE" />
50-->[com.google.android.gms:play-services-measurement:16.4.0] AndroidManifest.xml:26:5-110
50-->[com.google.android.gms:play-services-measurement:16.4.0] AndroidManifest.xml:26:22-107
51
52    <application
52-->src/main/AndroidManifest.xml:15:5-157:19
53        android:name="mom.com.network.ThisApp"
53-->src/main/AndroidManifest.xml:16:9-40
54        android:allowBackup="true"
54-->src/main/AndroidManifest.xml:17:9-35
55        android:appComponentFactory="androidx.core.app.CoreComponentFactory"
55-->[androidx.core:core:1.0.0] AndroidManifest.xml:22:18-86
56        android:icon="@mipmap/ic_launcher"
56-->src/main/AndroidManifest.xml:18:9-43
57        android:label="@string/app_name"
57-->src/main/AndroidManifest.xml:19:9-41
58        android:largeHeap="true"
58-->src/main/AndroidManifest.xml:20:9-33
59        android:roundIcon="@mipmap/ic_launcher"
59-->src/main/AndroidManifest.xml:21:9-48
60        android:supportsRtl="true"
60-->src/main/AndroidManifest.xml:22:9-35
61        android:theme="@style/AppTheme.NoActionBar" >
61-->src/main/AndroidManifest.xml:23:9-52
62        <meta-data
62-->src/main/AndroidManifest.xml:24:9-107
63            android:name="com.facebook.sdk.ApplicationId"
63-->src/main/AndroidManifest.xml:24:20-65
64            android:value="@string/facebook_app_id" />
64-->src/main/AndroidManifest.xml:24:66-105
65
66        <activity android:name="mom.com.activities.ErrorActivity" />
66-->src/main/AndroidManifest.xml:25:9-71
66-->src/main/AndroidManifest.xml:25:19-59
67        <activity android:name="mom.com.paytmpayment.PaytmDemoActivity" />
67-->src/main/AndroidManifest.xml:26:9-68
67-->src/main/AndroidManifest.xml:26:19-65
68        <activity android:name="mom.com.activities.HistoryActivity" />
68-->src/main/AndroidManifest.xml:27:9-64
68-->src/main/AndroidManifest.xml:27:19-61
69        <activity android:name="mom.com.activities.AddressBookActivity" />
69-->src/main/AndroidManifest.xml:28:9-68
69-->src/main/AndroidManifest.xml:28:19-65
70        <activity
70-->src/main/AndroidManifest.xml:29:9-37:20
71            android:name="mom.com.activities.SplashActivity"
71-->src/main/AndroidManifest.xml:30:13-54
72            android:theme="@style/AppTheme.NoActionBar" >
72-->src/main/AndroidManifest.xml:31:13-56
73            <intent-filter>
73-->src/main/AndroidManifest.xml:32:13-36:29
74                <action android:name="android.intent.action.MAIN" />
74-->src/main/AndroidManifest.xml:33:17-69
74-->src/main/AndroidManifest.xml:33:25-66
75
76                <category android:name="android.intent.category.LAUNCHER" />
76-->src/main/AndroidManifest.xml:35:17-77
76-->src/main/AndroidManifest.xml:35:27-74
77            </intent-filter>
78        </activity>
79        <activity
79-->src/main/AndroidManifest.xml:38:9-41:52
80            android:name="com.paytm.pgsdk.PaytmPGActivity"
80-->src/main/AndroidManifest.xml:39:13-59
81            android:configChanges="keyboardHidden|orientation|keyboard"
81-->src/main/AndroidManifest.xml:40:13-72
82            android:screenOrientation="portrait"
82-->src/main/AndroidManifest.xml:41:13-49
83            android:theme="@style/AppTheme" />
83-->[com.paytm:pgplussdk:1.2.3] AndroidManifest.xml:16:13-44
84        <activity android:name="mom.com.paytmpayment.checksum" />
84-->src/main/AndroidManifest.xml:42:9-59
84-->src/main/AndroidManifest.xml:42:19-56
85        <activity android:name="mom.com.activities.kt.PlacePickerActivity" />
85-->src/main/AndroidManifest.xml:43:9-71
85-->src/main/AndroidManifest.xml:43:19-68
86        <activity android:name="mom.com.activities.EmailActivity" />
86-->src/main/AndroidManifest.xml:44:9-62
86-->src/main/AndroidManifest.xml:44:19-59
87        <activity android:name="mom.com.activities.ContactAdminActivity" />
87-->src/main/AndroidManifest.xml:45:9-69
87-->src/main/AndroidManifest.xml:45:19-66
88        <activity android:name="mom.com.activities.PromoDetailActivity" />
88-->src/main/AndroidManifest.xml:46:9-68
88-->src/main/AndroidManifest.xml:46:19-65
89        <activity android:name="mom.com.activities.OfferListActivity" />
89-->src/main/AndroidManifest.xml:47:9-66
89-->src/main/AndroidManifest.xml:47:19-63
90        <activity android:name="mom.com.activities.TestActivity" />
90-->src/main/AndroidManifest.xml:48:9-61
90-->src/main/AndroidManifest.xml:48:19-58
91        <activity android:name="mom.com.activities.ContactDetailActivity" />
91-->src/main/AndroidManifest.xml:49:9-70
91-->src/main/AndroidManifest.xml:49:19-67
92        <activity android:name="mom.com.activities.PaymentTypeActivity" />
92-->src/main/AndroidManifest.xml:50:9-68
92-->src/main/AndroidManifest.xml:50:19-65
93        <activity android:name="mom.com.favorite.FavoriteActivity" />
93-->src/main/AndroidManifest.xml:51:9-63
93-->src/main/AndroidManifest.xml:51:19-60
94        <activity android:name="mom.com.paymentoptions.PaymentOptions" />
94-->src/main/AndroidManifest.xml:52:9-67
94-->src/main/AndroidManifest.xml:52:19-64
95        <activity android:name="mom.com.bookmark.BookmarkActivity" />
95-->src/main/AndroidManifest.xml:53:9-63
95-->src/main/AndroidManifest.xml:53:19-60
96        <activity android:name="mom.com.otherpages.TermsConditionActivity" />
96-->src/main/AndroidManifest.xml:54:9-71
96-->src/main/AndroidManifest.xml:54:19-68
97        <activity android:name="mom.com.otherpages.ContactUsActivity" />
97-->src/main/AndroidManifest.xml:55:9-66
97-->src/main/AndroidManifest.xml:55:19-63
98        <activity android:name="mom.com.otherpages.AboutUsActivity" />
98-->src/main/AndroidManifest.xml:56:9-64
98-->src/main/AndroidManifest.xml:56:19-61
99        <activity android:name="mom.com.otherpages.RateReviewActivity" />
99-->src/main/AndroidManifest.xml:57:9-67
99-->src/main/AndroidManifest.xml:57:19-64
100        <activity android:name="mom.com.otherpages.NotificationsActivity" />
100-->src/main/AndroidManifest.xml:58:9-70
100-->src/main/AndroidManifest.xml:58:19-67
101        <activity android:name="mom.com.foodorders.OrderHistory" />
101-->src/main/AndroidManifest.xml:59:9-61
101-->src/main/AndroidManifest.xml:59:19-58
102        <activity android:name="mom.com.foodorders.CancelOrderActivity" />
102-->src/main/AndroidManifest.xml:60:9-68
102-->src/main/AndroidManifest.xml:60:19-65
103        <activity android:name="mom.com.foodorders.TrackOrderActivity" />
103-->src/main/AndroidManifest.xml:61:9-67
103-->src/main/AndroidManifest.xml:61:19-64
104        <activity android:name="mom.com.foodorders.OrderFoodDetailsActivity" />
104-->src/main/AndroidManifest.xml:62:9-73
104-->src/main/AndroidManifest.xml:62:19-70
105        <activity android:name="mom.com.makepayment.CODActivity" />
105-->src/main/AndroidManifest.xml:63:9-61
105-->src/main/AndroidManifest.xml:63:19-58
106        <activity android:name="mom.com.makepayment.PaymentGetwayActivity" />
106-->src/main/AndroidManifest.xml:64:9-71
106-->src/main/AndroidManifest.xml:64:19-68
107        <activity android:name="mom.com.makepayment.PaymentHistoryActivity" />
107-->src/main/AndroidManifest.xml:65:9-72
107-->src/main/AndroidManifest.xml:65:19-69
108        <activity android:name="mom.com.cartpage.ProceedPaymentActivity" />
108-->src/main/AndroidManifest.xml:66:9-69
108-->src/main/AndroidManifest.xml:66:19-66
109        <activity android:name="mom.com.cartpage.AddDeliveryActivty" />
109-->src/main/AndroidManifest.xml:67:9-65
109-->src/main/AndroidManifest.xml:67:19-62
110        <activity android:name="mom.com.cartpage.BillDetailsActivity" />
110-->src/main/AndroidManifest.xml:68:9-66
110-->src/main/AndroidManifest.xml:68:19-63
111        <activity android:name="mom.com.cartpage.OrderDetailsCartActivity" />
111-->src/main/AndroidManifest.xml:69:9-71
111-->src/main/AndroidManifest.xml:69:19-68
112        <activity
112-->src/main/AndroidManifest.xml:70:9-72:57
113            android:name="mom.com.activities.ProfileActivity"
113-->src/main/AndroidManifest.xml:71:13-55
114            android:windowSoftInputMode="stateHidden" />
114-->src/main/AndroidManifest.xml:72:13-54
115        <activity android:name="mom.com.activities.ApplyCoupons" />
115-->src/main/AndroidManifest.xml:73:9-61
115-->src/main/AndroidManifest.xml:73:19-58
116        <activity
116-->src/main/AndroidManifest.xml:74:9-76:59
117            android:name="mom.com.activities.MomItemDetailActivity"
117-->src/main/AndroidManifest.xml:75:13-61
118            android:theme="@style/AppTheme.NoActionBar" />
118-->src/main/AndroidManifest.xml:76:13-56
119        <activity
119-->src/main/AndroidManifest.xml:77:9-80:57
120            android:name="mom.com.activities.OtpActivity"
120-->src/main/AndroidManifest.xml:78:13-51
121            android:theme="@style/AppTheme.NoActionBar"
121-->src/main/AndroidManifest.xml:79:13-56
122            android:windowSoftInputMode="stateHidden" />
122-->src/main/AndroidManifest.xml:80:13-54
123        <activity android:name="mom.com.activities.CartActivity" />
123-->src/main/AndroidManifest.xml:81:9-61
123-->src/main/AndroidManifest.xml:81:19-58
124        <activity
124-->src/main/AndroidManifest.xml:82:9-84:59
125            android:name="mom.com.activities.HomePageActivity"
125-->src/main/AndroidManifest.xml:83:13-56
126            android:theme="@style/AppTheme.NoActionBar" />
126-->src/main/AndroidManifest.xml:84:13-56
127        <activity
127-->src/main/AndroidManifest.xml:85:9-88:57
128            android:name="mom.com.activities.LoginActivity"
128-->src/main/AndroidManifest.xml:86:13-53
129            android:theme="@style/AppTheme.NoActionBar"
129-->src/main/AndroidManifest.xml:87:13-56
130            android:windowSoftInputMode="stateHidden" />
130-->src/main/AndroidManifest.xml:88:13-54
131        <activity
131-->src/main/AndroidManifest.xml:89:9-92:57
132            android:name="mom.com.activities.MainActivity"
132-->src/main/AndroidManifest.xml:90:13-52
133            android:label="@string/title_activity_main"
133-->src/main/AndroidManifest.xml:91:13-56
134            android:windowSoftInputMode="stateHidden" />
134-->src/main/AndroidManifest.xml:92:13-54
135        <activity android:name="mom.com.activities.EditProfileActivity" />
135-->src/main/AndroidManifest.xml:93:9-68
135-->src/main/AndroidManifest.xml:93:19-65
136        <activity android:name="mom.com.activities.address.AddAddressActivity" />
136-->src/main/AndroidManifest.xml:94:9-75
136-->src/main/AndroidManifest.xml:94:19-72
137        <activity
137-->src/main/AndroidManifest.xml:95:9-97:59
138            android:name="mom.com.activities.SignUpActivity"
138-->src/main/AndroidManifest.xml:96:13-54
139            android:theme="@style/AppTheme.NoActionBar" />
139-->src/main/AndroidManifest.xml:97:13-56
140        <activity android:name="mom.com.activities.TrackingActivity" />
140-->src/main/AndroidManifest.xml:98:9-65
140-->src/main/AndroidManifest.xml:98:19-62
141        <activity android:name="mom.com.activities.kt.SimpleDirectionActivity" />
141-->src/main/AndroidManifest.xml:99:9-75
141-->src/main/AndroidManifest.xml:99:19-72
142        <activity android:name="mom.com.activities.AddressPickerActivity2" />
142-->src/main/AndroidManifest.xml:100:9-71
142-->src/main/AndroidManifest.xml:100:19-68
143        <activity android:name="mom.com.activities.AddressListActivity" /> <!-- car activity -->
143-->src/main/AndroidManifest.xml:101:9-68
143-->src/main/AndroidManifest.xml:101:19-65
144        <meta-data
144-->src/main/AndroidManifest.xml:102:9-104:71
145            android:name="com.google.android.geo.API_KEY"
145-->src/main/AndroidManifest.xml:103:13-58
146            android:value="AIzaSyAnEGiYgCXVLPiKIpw5YVKuiBs8x6VYlB8" />
146-->src/main/AndroidManifest.xml:104:13-68
147
148        <provider
149            android:name="androidx.core.content.FileProvider"
149-->src/main/AndroidManifest.xml:107:13-62
150            android:authorities="mom.com.provider"
150-->src/main/AndroidManifest.xml:108:13-60
151            android:exported="false"
151-->src/main/AndroidManifest.xml:109:13-37
152            android:grantUriPermissions="true" >
152-->src/main/AndroidManifest.xml:110:13-47
153            <meta-data
153-->src/main/AndroidManifest.xml:111:13-113:58
154                android:name="android.support.FILE_PROVIDER_PATHS"
154-->src/main/AndroidManifest.xml:112:17-67
155                android:resource="@xml/provider_paths" />
155-->src/main/AndroidManifest.xml:113:17-55
156        </provider>
157
158        <receiver
158-->src/main/AndroidManifest.xml:116:9-122:20
159            android:name="mom.com.utils.SMSReceiver"
159-->src/main/AndroidManifest.xml:117:13-46
160            android:exported="true" >
160-->src/main/AndroidManifest.xml:118:13-36
161            <intent-filter>
161-->src/main/AndroidManifest.xml:119:13-121:29
162                <action android:name="com.google.android.gms.auth.api.phone.SMS_RETRIEVED" />
162-->src/main/AndroidManifest.xml:120:17-94
162-->src/main/AndroidManifest.xml:120:25-91
163            </intent-filter>
164        </receiver>
165
166        <service
166-->src/main/AndroidManifest.xml:124:9-126:40
167            android:name="mom.com.activities.address.FetchAddressIntentService"
167-->src/main/AndroidManifest.xml:125:13-73
168            android:exported="false" />
168-->src/main/AndroidManifest.xml:126:13-37
169        <service android:name="mom.com.network.ApiCallService" />
169-->src/main/AndroidManifest.xml:127:9-59
169-->src/main/AndroidManifest.xml:127:18-56
170        <!--
171        <service
172            android:name=".firebase_service.MyFirebaseInstanceIDService"
173            android:exported="false">
174            <intent-filter>
175                <action android:name="com.google.firebase.INSTANCE_ID_EVENT" />
176            </intent-filter>
177        </service>
178        -->
179        <service
179-->src/main/AndroidManifest.xml:135:9-142:19
180            android:name="mom.com.firebase_service.MyFirebaseMessagingService"
180-->src/main/AndroidManifest.xml:136:13-72
181            android:enabled="true"
181-->src/main/AndroidManifest.xml:137:13-35
182            android:exported="true" >
182-->src/main/AndroidManifest.xml:138:13-36
183            <intent-filter>
183-->src/main/AndroidManifest.xml:139:13-141:29
184                <action android:name="com.google.firebase.MESSAGING_EVENT" />
184-->src/main/AndroidManifest.xml:140:17-78
184-->src/main/AndroidManifest.xml:140:25-75
185            </intent-filter>
186        </service>
187        <service android:name="mom.com.utils.GPSService" />
187-->src/main/AndroidManifest.xml:143:9-53
187-->src/main/AndroidManifest.xml:143:18-50
188        <service
188-->src/main/AndroidManifest.xml:144:9-151:19
189            android:name="mom.com.service.MyFirebaseMessagingService"
189-->src/main/AndroidManifest.xml:145:13-63
190            android:enabled="true"
190-->src/main/AndroidManifest.xml:146:13-35
191            android:exported="true" >
191-->src/main/AndroidManifest.xml:147:13-36
192            <intent-filter>
192-->src/main/AndroidManifest.xml:139:13-141:29
193                <action android:name="com.google.firebase.MESSAGING_EVENT" />
193-->src/main/AndroidManifest.xml:140:17-78
193-->src/main/AndroidManifest.xml:140:25-75
194            </intent-filter>
195        </service>
196        <service
196-->src/main/AndroidManifest.xml:152:9-154:40
197            android:name="mom.com.service.BackgroundService"
197-->src/main/AndroidManifest.xml:153:13-54
198            android:exported="false" />
198-->src/main/AndroidManifest.xml:154:13-37
199
200        <activity android:name="mom.com.activities.OrderPlacedActivity" />
200-->src/main/AndroidManifest.xml:156:9-68
200-->src/main/AndroidManifest.xml:156:19-65
201        <activity
201-->[com.journeyapps:zxing-android-embedded:3.6.0] AndroidManifest.xml:47:9-53:63
202            android:name="com.journeyapps.barcodescanner.CaptureActivity"
202-->[com.journeyapps:zxing-android-embedded:3.6.0] AndroidManifest.xml:48:13-74
203            android:clearTaskOnLaunch="true"
203-->[com.journeyapps:zxing-android-embedded:3.6.0] AndroidManifest.xml:49:13-45
204            android:screenOrientation="sensorLandscape"
204-->[com.journeyapps:zxing-android-embedded:3.6.0] AndroidManifest.xml:50:13-56
205            android:stateNotNeeded="true"
205-->[com.journeyapps:zxing-android-embedded:3.6.0] AndroidManifest.xml:51:13-42
206            android:theme="@style/zxing_CaptureTheme"
206-->[com.journeyapps:zxing-android-embedded:3.6.0] AndroidManifest.xml:52:13-54
207            android:windowSoftInputMode="stateAlwaysHidden" />
207-->[com.journeyapps:zxing-android-embedded:3.6.0] AndroidManifest.xml:53:13-60
208        <activity
208-->[com.facebook.android:facebook-common:5.15.3] AndroidManifest.xml:30:9-33:66
209            android:name="com.facebook.FacebookActivity"
209-->[com.facebook.android:facebook-common:5.15.3] AndroidManifest.xml:31:13-57
210            android:configChanges="keyboard|keyboardHidden|screenLayout|screenSize|orientation"
210-->[com.facebook.android:facebook-common:5.15.3] AndroidManifest.xml:32:13-96
211            android:theme="@style/com_facebook_activity_theme" />
211-->[com.facebook.android:facebook-common:5.15.3] AndroidManifest.xml:33:13-63
212        <activity android:name="com.facebook.CustomTabMainActivity" />
212-->[com.facebook.android:facebook-common:5.15.3] AndroidManifest.xml:34:9-71
212-->[com.facebook.android:facebook-common:5.15.3] AndroidManifest.xml:34:19-68
213        <activity
213-->[com.facebook.android:facebook-common:5.15.3] AndroidManifest.xml:35:9-49:20
214            android:name="com.facebook.CustomTabActivity"
214-->[com.facebook.android:facebook-common:5.15.3] AndroidManifest.xml:36:13-58
215            android:exported="true" >
215-->[com.facebook.android:facebook-common:5.15.3] AndroidManifest.xml:37:13-36
216            <intent-filter>
216-->[com.facebook.android:facebook-common:5.15.3] AndroidManifest.xml:39:13-48:29
217                <action android:name="android.intent.action.VIEW" />
217-->[com.facebook.android:facebook-common:5.15.3] AndroidManifest.xml:40:17-69
217-->[com.facebook.android:facebook-common:5.15.3] AndroidManifest.xml:40:25-66
218
219                <category android:name="android.intent.category.DEFAULT" />
219-->[com.facebook.android:facebook-common:5.15.3] AndroidManifest.xml:42:17-76
219-->[com.facebook.android:facebook-common:5.15.3] AndroidManifest.xml:42:27-73
220                <category android:name="android.intent.category.BROWSABLE" />
220-->[com.facebook.android:facebook-common:5.15.3] AndroidManifest.xml:43:17-78
220-->[com.facebook.android:facebook-common:5.15.3] AndroidManifest.xml:43:27-75
221
222                <data
222-->[com.facebook.android:facebook-common:5.15.3] AndroidManifest.xml:45:17-47:50
223                    android:host="cct.mom.com"
223-->[com.facebook.android:facebook-common:5.15.3] AndroidManifest.xml:46:21-56
224                    android:scheme="fbconnect" />
224-->[com.facebook.android:facebook-common:5.15.3] AndroidManifest.xml:47:21-47
225            </intent-filter>
226        </activity> <!-- Autocomplete -->
227        <activity
227-->[com.google.android.libraries.places:places-compat:2.0.0] AndroidManifest.xml:16:9-23:20
228            android:name="com.google.android.libraries.places.widget.AutocompleteActivity"
228-->[com.google.android.libraries.places:places-compat:2.0.0] AndroidManifest.xml:17:13-91
229            android:exported="false"
229-->[com.google.android.libraries.places:places-compat:2.0.0] AndroidManifest.xml:18:13-37
230            android:hardwareAccelerated="true"
230-->[com.google.android.libraries.places:places-compat:2.0.0] AndroidManifest.xml:19:13-47
231            android:label="@string/places_autocomplete_label"
231-->[com.google.android.libraries.places:places-compat:2.0.0] AndroidManifest.xml:20:13-62
232            android:theme="@style/PlacesAutocompleteThemeOverlay"
232-->[com.google.android.libraries.places:places-compat:2.0.0] AndroidManifest.xml:21:13-66
233            android:windowSoftInputMode="stateAlwaysVisible|adjustPan" >
233-->[com.google.android.libraries.places:places-compat:2.0.0] AndroidManifest.xml:22:13-71
234        </activity>
235
236        <service
236-->[com.google.firebase:firebase-storage:16.1.0] AndroidManifest.xml:30:9-34:19
237            android:name="com.google.firebase.components.ComponentDiscoveryService"
237-->[com.google.firebase:firebase-storage:16.1.0] AndroidManifest.xml:30:18-89
238            android:exported="false" >
238-->[com.google.firebase:firebase-auth:16.2.0] AndroidManifest.xml:35:13-37
239            <meta-data
239-->[com.google.firebase:firebase-storage:16.1.0] AndroidManifest.xml:31:13-33:85
240                android:name="com.google.firebase.components:com.google.firebase.storage.StorageRegistrar"
240-->[com.google.firebase:firebase-storage:16.1.0] AndroidManifest.xml:32:17-107
241                android:value="com.google.firebase.components.ComponentRegistrar" />
241-->[com.google.firebase:firebase-storage:16.1.0] AndroidManifest.xml:33:17-82
242            <meta-data
242-->[com.google.firebase:firebase-auth:16.2.0] AndroidManifest.xml:36:13-38:85
243                android:name="com.google.firebase.components:com.google.firebase.auth.FirebaseAuthRegistrar"
243-->[com.google.firebase:firebase-auth:16.2.0] AndroidManifest.xml:37:17-109
244                android:value="com.google.firebase.components.ComponentRegistrar" />
244-->[com.google.firebase:firebase-auth:16.2.0] AndroidManifest.xml:38:17-82
245            <meta-data
245-->[com.google.firebase:firebase-database:16.1.0] AndroidManifest.xml:30:13-32:85
246                android:name="com.google.firebase.components:com.google.firebase.database.DatabaseRegistrar"
246-->[com.google.firebase:firebase-database:16.1.0] AndroidManifest.xml:31:17-109
247                android:value="com.google.firebase.components.ComponentRegistrar" />
247-->[com.google.firebase:firebase-database:16.1.0] AndroidManifest.xml:32:17-82
248            <meta-data
248-->[com.google.android.gms:play-services-measurement-api:16.4.0] AndroidManifest.xml:30:13-32:85
249                android:name="com.google.firebase.components:com.google.firebase.analytics.connector.internal.AnalyticsConnectorRegistrar"
249-->[com.google.android.gms:play-services-measurement-api:16.4.0] AndroidManifest.xml:31:17-139
250                android:value="com.google.firebase.components.ComponentRegistrar" />
250-->[com.google.android.gms:play-services-measurement-api:16.4.0] AndroidManifest.xml:32:17-82
251            <meta-data
251-->[com.google.firebase:firebase-iid:17.1.1] AndroidManifest.xml:32:13-34:85
252                android:name="com.google.firebase.components:com.google.firebase.iid.Registrar"
252-->[com.google.firebase:firebase-iid:17.1.1] AndroidManifest.xml:33:17-96
253                android:value="com.google.firebase.components.ComponentRegistrar" />
253-->[com.google.firebase:firebase-iid:17.1.1] AndroidManifest.xml:34:17-82
254        </service>
255
256        <activity
256-->[com.google.firebase:firebase-auth:16.2.0] AndroidManifest.xml:24:9-31:50
257            android:name="com.google.firebase.auth.internal.FederatedSignInActivity"
257-->[com.google.firebase:firebase-auth:16.2.0] AndroidManifest.xml:25:13-85
258            android:excludeFromRecents="true"
258-->[com.google.firebase:firebase-auth:16.2.0] AndroidManifest.xml:26:13-46
259            android:exported="true"
259-->[com.google.firebase:firebase-auth:16.2.0] AndroidManifest.xml:27:13-36
260            android:launchMode="singleTask"
260-->[com.google.firebase:firebase-auth:16.2.0] AndroidManifest.xml:28:13-44
261            android:permission="com.google.firebase.auth.api.gms.permission.LAUNCH_FEDERATED_SIGN_IN"
261-->[com.google.firebase:firebase-auth:16.2.0] AndroidManifest.xml:29:13-102
262            android:theme="@android:style/Theme.Translucent.NoTitleBar" />
262-->[com.google.firebase:firebase-auth:16.2.0] AndroidManifest.xml:30:13-72
263        <!--
264             FirebaseMessagingService performs security checks at runtime,
265             but set to not exported to explicitly avoid allowing another app to call it.
266        -->
267        <service
267-->[com.google.firebase:firebase-messaging:17.5.0] AndroidManifest.xml:28:9-34:19
268            android:name="com.google.firebase.messaging.FirebaseMessagingService"
268-->[com.google.firebase:firebase-messaging:17.5.0] AndroidManifest.xml:29:13-82